nohup: ignoring input
[WARNING] Unable to find the root directory. Create a .mvn directory in the root directory or add the root="true" attribute on the root project's model to identify it.
[INFO] Scanning for projects...
[INFO] Loaded 21861 auto-discovered prefixes for remote repository central (prefixes-central.txt)
[WARNING] 
[WARNING] 1 problem was encountered while building the effective model for 'com.example:student-management-system:jar:0.0.1-SNAPSHOT' (use -e to see details)
[WARNING] 
[WARNING] Total model problems reported: 1
[WARNING] 
[WARNING] It is highly recommended to fix these problems because they threaten the stability of your build.
[WARNING] 
[WARNING] For this reason, future Maven versions might no longer support building such malformed projects.
[WARNING] 
[INFO] 
[INFO] ---------------< com.example:student-management-system >----------------
[INFO] Building student-management-system 0.0.1-SNAPSHOT
[INFO]   from pom.xml
[INFO] --------------------------------[ jar ]---------------------------------
[INFO] Loaded 74 auto-discovered prefixes for remote repository apache.snapshots (prefixes-apache.snapshots-c1d4c55f9308e5ac18a4069bed41dca64d85c515.txt)
[WARNING] Could not transfer metadata /.meta/prefixes.txt from/to plexus.snapshots-9dedea94451709299d055319c137abeb30aacdef (https://oss.sonatype.org/content/repositories/plexus-snapshots): HTTP Status: 503
[INFO] 
[INFO] >>> spring-boot:3.2.0:run (default-cli) > test-compile @ student-management-system >>>
[INFO] 
[INFO] --- resources:3.3.1:resources (default-resources) @ student-management-system ---
[INFO] skip non existing resourceDirectory /workspaces/advance-oop-tests/student-management-system/src/main/resources
[INFO] skip non existing resourceDirectory /workspaces/advance-oop-tests/student-management-system/src/main/resources
[INFO] 
[INFO] --- compiler:3.11.0:compile (default-compile) @ student-management-system ---
[INFO] Nothing to compile - all classes are up to date
[INFO] 
[INFO] --- resources:3.3.1:testResources (default-testResources) @ student-management-system ---
[INFO] skip non existing resourceDirectory /workspaces/advance-oop-tests/student-management-system/src/test/resources
[INFO] 
[INFO] --- compiler:3.11.0:testCompile (default-testCompile) @ student-management-system ---
[INFO] No sources to compile
[INFO] 
[INFO] <<< spring-boot:3.2.0:run (default-cli) < test-compile @ student-management-system <<<
[INFO] 
[INFO] 
[INFO] --- spring-boot:3.2.0:run (default-cli) @ student-management-system ---
[INFO] Loaded 50 auto-discovered prefixes for remote repository ow2-snapshot (prefixes-ow2-snapshot-40669f8efefaadb4c1705a2585cefc8851f735ac.txt)
[INFO] Attaching agents: []

  .   ____          _            __ _ _
 /\\ / ___'_ __ _ _(_)_ __  __ _ \ \ \ \
( ( )\___ | '_ | '_| | '_ \/ _` | \ \ \ \
 \\/  ___)| |_)| | | | | || (_| |  ) ) ) )
  '  |____| .__|_| |_|_| |_\__, | / / / /
 =========|_|==============|___/=/_/_/_/
 :: Spring Boot ::                (v3.2.0)

2026-01-04T06:03:51.432Z  INFO 11159 --- [           main] c.e.s.StudentManagementSystemApplication : Starting StudentManagementSystemApplication using Java 25.0.1 with PID 11159 (/workspaces/advance-oop-tests/student-management-system/target/classes started by codespace in /workspaces/advance-oop-tests/student-management-system)
2026-01-04T06:03:51.437Z  INFO 11159 --- [           main] c.e.s.StudentManagementSystemApplication : No active profile set, falling back to 1 default profile: "default"
WARNING: A restricted method in java.lang.System has been called
WARNING: java.lang.System::load has been called by org.apache.tomcat.jni.Library in an unnamed module (file:/home/codespace/.m2/repository/org/apache/tomcat/embed/tomcat-embed-core/10.1.16/tomcat-embed-core-10.1.16.jar)
WARNING: Use --enable-native-access=ALL-UNNAMED to avoid a warning for callers in this module
WARNING: Restricted methods will be blocked in a future release unless native access is enabled

2026-01-04T06:03:52.033Z  INFO 11159 --- [           main] o.s.b.w.embedded.tomcat.TomcatWebServer  : Tomcat initialized with port 8080 (http)
2026-01-04T06:03:52.041Z  INFO 11159 --- [           main] o.apache.catalina.core.StandardService   : Starting service [Tomcat]
2026-01-04T06:03:52.041Z  INFO 11159 --- [           main] o.apache.catalina.core.StandardEngine    : Starting Servlet engine: [Apache Tomcat/10.1.16]
2026-01-04T06:03:52.103Z  INFO 11159 --- [           main] o.a.c.c.C.[Tomcat].[localhost].[/]       : Initializing Spring embedded WebApplicationContext
2026-01-04T06:03:52.104Z  INFO 11159 --- [           main] w.s.c.ServletWebServerApplicationContext : Root WebApplicationContext: initialization completed in 625 ms
2026-01-04T06:03:52.356Z  INFO 11159 --- [           main] o.s.b.w.embedded.tomcat.TomcatWebServer  : Tomcat started on port 8080 (http) with context path ''
2026-01-04T06:03:52.361Z  INFO 11159 --- [           main] c.e.s.StudentManagementSystemApplication : Started StudentManagementSystemApplication in 1.19 seconds (process running for 1.396)
2026-01-04T06:03:56.583Z  INFO 11159 --- [nio-8080-exec-1] o.a.c.c.C.[Tomcat].[localhost].[/]       : Initializing Spring DispatcherServlet 'dispatcherServlet'
2026-01-04T06:03:56.584Z  INFO 11159 --- [nio-8080-exec-1] o.s.web.servlet.DispatcherServlet        : Initializing Servlet 'dispatcherServlet'
2026-01-04T06:03:56.584Z  INFO 11159 --- [nio-8080-exec-1] o.s.web.servlet.DispatcherServlet        : Completed initialization in 0 ms
